2017-11-23 23:39:27 [nju.software.docprovider.main.Launcher:24] - DocProviderService launch failed...
java.lang.ExceptionInInitializerError: null
	at nju.software.docprovider.main.Launcher.getContext(Launcher.java:41) ~[classes/:na]
	at nju.software.docprovider.main.Launcher.main(Launcher.java:19) ~[classes/:na]
Caused by: org.springframework.beans.factory.BeanCreationException: Error creating bean with name 'org.springframework.cache.interceptor.CacheInterceptor#0': Cannot resolve reference to bean 'ehcacheManager' while setting bean property 'cacheManager'; nested exception is org.springframework.beans.factory.CannotLoadBeanClassException: Cannot find class [org.springframework.cache.ehcache.EhCacheCacheManager] for bean with name 'ehcacheManager' defined in class path resource [spring/springConfig.xml]; nested exception is java.lang.ClassNotFoundException: org.springframework.cache.ehcache.EhCacheCacheManager
	at org.springframework.beans.factory.support.BeanDefinitionValueResolver.resolveReference(BeanDefinitionValueResolver.java:359) ~[spring-beans-4.3.10.RELEASE.jar:4.3.10.RELEASE]
	at org.springframework.beans.factory.support.BeanDefinitionValueResolver.resolveValueIfNecessary(BeanDefinitionValueResolver.java:108) ~[spring-beans-4.3.10.RELEASE.jar:4.3.10.RELEASE]
	at org.springframework.beans.factory.support.AbstractAutowireCapableBeanFactory.applyPropertyValues(AbstractAutowireCapableBeanFactory.java:1531) ~[spring-beans-4.3.10.RELEASE.jar:4.3.10.RELEASE]
	at org.springframework.beans.factory.support.AbstractAutowireCapableBeanFactory.populateBean(AbstractAutowireCapableBeanFactory.java:1276) ~[spring-beans-4.3.10.RELEASE.jar:4.3.10.RELEASE]
	at org.springframework.beans.factory.support.AbstractAutowireCapableBeanFactory.doCreateBean(AbstractAutowireCapableBeanFactory.java:553) ~[spring-beans-4.3.10.RELEASE.jar:4.3.10.RELEASE]
	at org.springframework.beans.factory.support.AbstractAutowireCapableBeanFactory.createBean(AbstractAutowireCapableBeanFactory.java:483) ~[spring-beans-4.3.10.RELEASE.jar:4.3.10.RELEASE]
	at org.springframework.beans.factory.support.AbstractBeanFactory$1.getObject(AbstractBeanFactory.java:306) ~[spring-beans-4.3.10.RELEASE.jar:4.3.10.RELEASE]
	at org.springframework.beans.factory.support.DefaultSingletonBeanRegistry.getSingleton(DefaultSingletonBeanRegistry.java:230) ~[spring-beans-4.3.10.RELEASE.jar:4.3.10.RELEASE]
	at org.springframework.beans.factory.support.AbstractBeanFactory.doGetBean(AbstractBeanFactory.java:302) ~[spring-beans-4.3.10.RELEASE.jar:4.3.10.RELEASE]
	at org.springframework.beans.factory.support.AbstractBeanFactory.getBean(AbstractBeanFactory.java:197) ~[spring-beans-4.3.10.RELEASE.jar:4.3.10.RELEASE]
	at org.springframework.beans.factory.support.DefaultListableBeanFactory.preInstantiateSingletons(DefaultListableBeanFactory.java:761) ~[spring-beans-4.3.10.RELEASE.jar:4.3.10.RELEASE]
	at org.springframework.context.support.AbstractApplicationContext.finishBeanFactoryInitialization(AbstractApplicationContext.java:867) ~[spring-context-4.3.10.RELEASE.jar:4.3.10.RELEASE]
	at org.springframework.context.support.AbstractApplicationContext.refresh(AbstractApplicationContext.java:543) ~[spring-context-4.3.10.RELEASE.jar:4.3.10.RELEASE]
	at org.springframework.context.support.ClassPathXmlApplicationContext.<init>(ClassPathXmlApplicationContext.java:139) ~[spring-context-4.3.10.RELEASE.jar:4.3.10.RELEASE]
	at org.springframework.context.support.ClassPathXmlApplicationContext.<init>(ClassPathXmlApplicationContext.java:93) ~[spring-context-4.3.10.RELEASE.jar:4.3.10.RELEASE]
	at nju.software.docprovider.main.Launcher.<init>(Launcher.java:35) ~[classes/:na]
	at nju.software.docprovider.main.Launcher.<init>(Launcher.java:31) ~[classes/:na]
	at nju.software.docprovider.main.Launcher$Holder.<clinit>(Launcher.java:45) ~[classes/:na]
	... 2 common frames omitted
Caused by: org.springframework.beans.factory.CannotLoadBeanClassException: Cannot find class [org.springframework.cache.ehcache.EhCacheCacheManager] for bean with name 'ehcacheManager' defined in class path resource [spring/springConfig.xml]; nested exception is java.lang.ClassNotFoundException: org.springframework.cache.ehcache.EhCacheCacheManager
	at org.springframework.beans.factory.support.AbstractBeanFactory.resolveBeanClass(AbstractBeanFactory.java:1385) ~[spring-beans-4.3.10.RELEASE.jar:4.3.10.RELEASE]
	at org.springframework.beans.factory.support.AbstractAutowireCapableBeanFactory.createBean(AbstractAutowireCapableBeanFactory.java:456) ~[spring-beans-4.3.10.RELEASE.jar:4.3.10.RELEASE]
	at org.springframework.beans.factory.support.AbstractBeanFactory$1.getObject(AbstractBeanFactory.java:306) ~[spring-beans-4.3.10.RELEASE.jar:4.3.10.RELEASE]
	at org.springframework.beans.factory.support.DefaultSingletonBeanRegistry.getSingleton(DefaultSingletonBeanRegistry.java:230) ~[spring-beans-4.3.10.RELEASE.jar:4.3.10.RELEASE]
	at org.springframework.beans.factory.support.AbstractBeanFactory.doGetBean(AbstractBeanFactory.java:302) ~[spring-beans-4.3.10.RELEASE.jar:4.3.10.RELEASE]
	at org.springframework.beans.factory.support.AbstractBeanFactory.getBean(AbstractBeanFactory.java:197) ~[spring-beans-4.3.10.RELEASE.jar:4.3.10.RELEASE]
	at org.springframework.beans.factory.support.BeanDefinitionValueResolver.resolveReference(BeanDefinitionValueResolver.java:351) ~[spring-beans-4.3.10.RELEASE.jar:4.3.10.RELEASE]
	... 19 common frames omitted
Caused by: java.lang.ClassNotFoundException: org.springframework.cache.ehcache.EhCacheCacheManager
	at java.net.URLClassLoader$1.run(URLClassLoader.java:366) ~[na:1.7.0_17]
	at java.net.URLClassLoader$1.run(URLClassLoader.java:355) ~[na:1.7.0_17]
	at java.security.AccessController.doPrivileged(Native Method) ~[na:1.7.0_17]
	at java.net.URLClassLoader.findClass(URLClassLoader.java:354) ~[na:1.7.0_17]
	at java.lang.ClassLoader.loadClass(ClassLoader.java:423) ~[na:1.7.0_17]
	at sun.misc.Launcher$AppClassLoader.loadClass(Launcher.java:308) ~[na:1.7.0_17]
	at java.lang.ClassLoader.loadClass(ClassLoader.java:356) ~[na:1.7.0_17]
	at org.springframework.util.ClassUtils.forName(ClassUtils.java:250) ~[spring-core-4.3.10.RELEASE.jar:4.3.10.RELEASE]
	at org.springframework.beans.factory.support.AbstractBeanDefinition.resolveBeanClass(AbstractBeanDefinition.java:401) ~[spring-beans-4.3.10.RELEASE.jar:4.3.10.RELEASE]
	at org.springframework.beans.factory.support.AbstractBeanFactory.doResolveBeanClass(AbstractBeanFactory.java:1432) ~[spring-beans-4.3.10.RELEASE.jar:4.3.10.RELEASE]
	at org.springframework.beans.factory.support.AbstractBeanFactory.resolveBeanClass(AbstractBeanFactory.java:1377) ~[spring-beans-4.3.10.RELEASE.jar:4.3.10.RELEASE]
	... 25 common frames omitted
